This is pdfTeX, Version 3.141592653-2.6-1.40.22 (TeX Live 2022/dev/Debian) (preloaded format=pdflatex 2024.1.3)  3 JAN 2024 19:26
entering extended mode
 restricted \write18 enabled.
 %&-line parsing enabled.
**main.tex
(./main.tex
LaTeX2e <2021-11-15> patch level 1
L3 programming layer <2022-01-21>
(/usr/share/texlive/texmf-dist/tex/latex/base/article.cls
Document Class: article 2021/10/04 v1.4n Standard LaTeX document class
(/usr/share/texlive/texmf-dist/tex/latex/base/size10.clo
File: size10.clo 2021/10/04 v1.4n Standard LaTeX file (size option)
)
\c@part=\count185
\c@section=\count186
\c@subsection=\count187
\c@subsubsection=\count188
\c@paragraph=\count189
\c@subparagraph=\count190
\c@figure=\count191
\c@table=\count192
\abovecaptionskip=\skip47
\belowcaptionskip=\skip48
\bibindent=\dimen138
)
(/usr/share/texlive/texmf-dist/tex/latex/amsmath/amsmath.sty
Package: amsmath 2021/10/15 v2.17l AMS math features
\@mathmargin=\skip49

For additional information on amsmath, use the `?' option.
(/usr/share/texlive/texmf-dist/tex/latex/amsmath/amstext.sty
Package: amstext 2021/08/26 v2.01 AMS text

(/usr/share/texlive/texmf-dist/tex/latex/amsmath/amsgen.sty
File: amsgen.sty 1999/11/30 v2.0 generic functions
\@emptytoks=\toks16
\ex@=\dimen139
))
(/usr/share/texlive/texmf-dist/tex/latex/amsmath/amsbsy.sty
Package: amsbsy 1999/11/29 v1.2d Bold Symbols
\pmbraise@=\dimen140
)
(/usr/share/texlive/texmf-dist/tex/latex/amsmath/amsopn.sty
Package: amsopn 2021/08/26 v2.02 operator names
)
\inf@bad=\count193
LaTeX Info: Redefining \frac on input line 234.
\uproot@=\count194
\leftroot@=\count195
LaTeX Info: Redefining \overline on input line 399.
\classnum@=\count196
\DOTSCASE@=\count197
LaTeX Info: Redefining \ldots on input line 496.
LaTeX Info: Redefining \dots on input line 499.
LaTeX Info: Redefining \cdots on input line 620.
\Mathstrutbox@=\box50
\strutbox@=\box51
\big@size=\dimen141
LaTeX Font Info:    Redeclaring font encoding OML on input line 743.
LaTeX Font Info:    Redeclaring font encoding OMS on input line 744.
\macc@depth=\count198
\c@MaxMatrixCols=\count199
\dotsspace@=\muskip16
\c@parentequation=\count266
\dspbrk@lvl=\count267
\tag@help=\toks17
\row@=\count268
\column@=\count269
\maxfields@=\count270
\andhelp@=\toks18
\eqnshift@=\dimen142
\alignsep@=\dimen143
\tagshift@=\dimen144
\tagwidth@=\dimen145
\totwidth@=\dimen146
\lineht@=\dimen147
\@envbody=\toks19
\multlinegap=\skip50
\multlinetaggap=\skip51
\mathdisplay@stack=\toks20
LaTeX Info: Redefining \[ on input line 2938.
LaTeX Info: Redefining \] on input line 2939.
)
(/usr/share/texlive/texmf-dist/tex/latex/amsfonts/amssymb.sty
Package: amssymb 2013/01/14 v3.01 AMS font symbols

(/usr/share/texlive/texmf-dist/tex/latex/amsfonts/amsfonts.sty
Package: amsfonts 2013/01/14 v3.01 Basic AMSFonts support
\symAMSa=\mathgroup4
\symAMSb=\mathgroup5
LaTeX Font Info:    Redeclaring math symbol \hbar on input line 98.
LaTeX Font Info:    Overwriting math alphabet `\mathfrak' in version `bold'
(Font)                  U/euf/m/n --> U/euf/b/n on input line 106.
))
(/usr/share/texlive/texmf-dist/tex/latex/graphics/graphicx.sty
Package: graphicx 2021/09/16 v1.2d Enhanced LaTeX Graphics (DPC,SPQR)

(/usr/share/texlive/texmf-dist/tex/latex/graphics/keyval.sty
Package: keyval 2014/10/28 v1.15 key=value parser (DPC)
\KV@toks@=\toks21
)
(/usr/share/texlive/texmf-dist/tex/latex/graphics/graphics.sty
Package: graphics 2021/03/04 v1.4d Standard LaTeX Graphics (DPC,SPQR)

(/usr/share/texlive/texmf-dist/tex/latex/graphics/trig.sty
Package: trig 2021/08/11 v1.11 sin cos tan (DPC)
)
(/usr/share/texlive/texmf-dist/tex/latex/graphics-cfg/graphics.cfg
File: graphics.cfg 2016/06/04 v1.11 sample graphics configuration
)
Package graphics Info: Driver file: pdftex.def on input line 107.

(/usr/share/texlive/texmf-dist/tex/latex/graphics-def/pdftex.def
File: pdftex.def 2020/10/05 v1.2a Graphics/color driver for pdftex
))
\Gin@req@height=\dimen148
\Gin@req@width=\dimen149
)
(/usr/share/texlive/texmf-dist/tex/latex/tools/enumerate.sty
Package: enumerate 2015/07/23 v3.00 enumerate extensions (DPC)
\@enLab=\toks22
)
(/usr/share/texlive/texmf-dist/tex/latex/hyperref/hyperref.sty
Package: hyperref 2021-06-07 v7.00m Hypertext links for LaTeX

(/usr/share/texlive/texmf-dist/tex/generic/ltxcmds/ltxcmds.sty
Package: ltxcmds 2020-05-10 v1.25 LaTeX kernel commands for general use (HO)
)
(/usr/share/texlive/texmf-dist/tex/generic/iftex/iftex.sty
Package: iftex 2020/03/06 v1.0d TeX engine tests
)
(/usr/share/texlive/texmf-dist/tex/generic/pdftexcmds/pdftexcmds.sty
Package: pdftexcmds 2020-06-27 v0.33 Utility functions of pdfTeX for LuaTeX (HO
)

(/usr/share/texlive/texmf-dist/tex/generic/infwarerr/infwarerr.sty
Package: infwarerr 2019/12/03 v1.5 Providing info/warning/error messages (HO)
)
Package pdftexcmds Info: \pdf@primitive is available.
Package pdftexcmds Info: \pdf@ifprimitive is available.
Package pdftexcmds Info: \pdfdraftmode found.
)
(/usr/share/texlive/texmf-dist/tex/generic/kvsetkeys/kvsetkeys.sty
Package: kvsetkeys 2019/12/15 v1.18 Key value parser (HO)
)
(/usr/share/texlive/texmf-dist/tex/generic/kvdefinekeys/kvdefinekeys.sty
Package: kvdefinekeys 2019-12-19 v1.6 Define keys (HO)
)
(/usr/share/texlive/texmf-dist/tex/generic/pdfescape/pdfescape.sty
Package: pdfescape 2019/12/09 v1.15 Implements pdfTeX's escape features (HO)
)
(/usr/share/texlive/texmf-dist/tex/latex/hycolor/hycolor.sty
Package: hycolor 2020-01-27 v1.10 Color options for hyperref/bookmark (HO)
)
(/usr/share/texlive/texmf-dist/tex/latex/letltxmacro/letltxmacro.sty
Package: letltxmacro 2019/12/03 v1.6 Let assignment for LaTeX macros (HO)
)
(/usr/share/texlive/texmf-dist/tex/latex/auxhook/auxhook.sty
Package: auxhook 2019-12-17 v1.6 Hooks for auxiliary files (HO)
)
(/usr/share/texlive/texmf-dist/tex/latex/kvoptions/kvoptions.sty
Package: kvoptions 2020-10-07 v3.14 Key value format for package options (HO)
)
\@linkdim=\dimen150
\Hy@linkcounter=\count271
\Hy@pagecounter=\count272

(/usr/share/texlive/texmf-dist/tex/latex/hyperref/pd1enc.def
File: pd1enc.def 2021-06-07 v7.00m Hyperref: PDFDocEncoding definition (HO)
Now handling font encoding PD1 ...
... no UTF-8 mapping file for font encoding PD1
)
(/usr/share/texlive/texmf-dist/tex/latex/hyperref/hyperref-langpatches.def
File: hyperref-langpatches.def 2021-06-07 v7.00m Hyperref: patches for babel la
nguages
)
(/usr/share/texlive/texmf-dist/tex/generic/intcalc/intcalc.sty
Package: intcalc 2019/12/15 v1.3 Expandable calculations with integers (HO)
)
(/usr/share/texlive/texmf-dist/tex/generic/etexcmds/etexcmds.sty
Package: etexcmds 2019/12/15 v1.7 Avoid name clashes with e-TeX commands (HO)
)
\Hy@SavedSpaceFactor=\count273

(/usr/share/texlive/texmf-dist/tex/latex/hyperref/puenc.def
File: puenc.def 2021-06-07 v7.00m Hyperref: PDF Unicode definition (HO)
Now handling font encoding PU ...
... no UTF-8 mapping file for font encoding PU
)
Package hyperref Info: Hyper figures OFF on input line 4192.
Package hyperref Info: Link nesting OFF on input line 4197.
Package hyperref Info: Hyper index ON on input line 4200.
Package hyperref Info: Plain pages OFF on input line 4207.
Package hyperref Info: Backreferencing OFF on input line 4212.
Package hyperref Info: Implicit mode ON; LaTeX internals redefined.
Package hyperref Info: Bookmarks ON on input line 4445.
\c@Hy@tempcnt=\count274

(/usr/share/texlive/texmf-dist/tex/latex/url/url.sty
\Urlmuskip=\muskip17
Package: url 2013/09/16  ver 3.4  Verb mode for urls, etc.
)
LaTeX Info: Redefining \url on input line 4804.
\XeTeXLinkMargin=\dimen151

(/usr/share/texlive/texmf-dist/tex/generic/bitset/bitset.sty
Package: bitset 2019/12/09 v1.3 Handle bit-vector datatype (HO)

(/usr/share/texlive/texmf-dist/tex/generic/bigintcalc/bigintcalc.sty
Package: bigintcalc 2019/12/15 v1.5 Expandable calculations on big integers (HO
)
))
\Fld@menulength=\count275
\Field@Width=\dimen152
\Fld@charsize=\dimen153
Package hyperref Info: Hyper figures OFF on input line 6076.
Package hyperref Info: Link nesting OFF on input line 6081.
Package hyperref Info: Hyper index ON on input line 6084.
Package hyperref Info: backreferencing OFF on input line 6091.
Package hyperref Info: Link coloring OFF on input line 6096.
Package hyperref Info: Link coloring with OCG OFF on input line 6101.
Package hyperref Info: PDF/A mode OFF on input line 6106.
LaTeX Info: Redefining \ref on input line 6146.
LaTeX Info: Redefining \pageref on input line 6150.

(/usr/share/texlive/texmf-dist/tex/latex/base/atbegshi-ltx.sty
Package: atbegshi-ltx 2021/01/10 v1.0c Emulation of the original atbegshi
package with kernel methods
)
\Hy@abspage=\count276
\c@Item=\count277
\c@Hfootnote=\count278
)
Package hyperref Info: Driver (autodetected): hpdftex.

(/usr/share/texlive/texmf-dist/tex/latex/hyperref/hpdftex.def
File: hpdftex.def 2021-06-07 v7.00m Hyperref driver for pdfTeX

(/usr/share/texlive/texmf-dist/tex/latex/base/atveryend-ltx.sty
Package: atveryend-ltx 2020/08/19 v1.0a Emulation of the original atveryend pac
kage
with kernel methods
)
\Fld@listcount=\count279
\c@bookmark@seq@number=\count280

(/usr/share/texlive/texmf-dist/tex/latex/rerunfilecheck/rerunfilecheck.sty
Package: rerunfilecheck 2019/12/05 v1.9 Rerun checks for auxiliary files (HO)

(/usr/share/texlive/texmf-dist/tex/generic/uniquecounter/uniquecounter.sty
Package: uniquecounter 2019/12/15 v1.4 Provide unlimited unique counter (HO)
)
Package uniquecounter Info: New unique counter `rerunfilecheck' on input line 2
86.
)
\Hy@SectionHShift=\skip52
)
(/usr/share/texlive/texmf-dist/tex/latex/caption/subcaption.sty
Package: subcaption 2020/10/07 v1.3j Sub-captions (AR)

(/usr/share/texlive/texmf-dist/tex/latex/caption/caption.sty
Package: caption 2020/10/26 v3.5g Customizing captions (AR)

(/usr/share/texlive/texmf-dist/tex/latex/caption/caption3.sty
Package: caption3 2020/10/21 v2.2e caption3 kernel (AR)
\captionmargin=\dimen154
\captionmargin@=\dimen155
\captionwidth=\dimen156
\caption@tempdima=\dimen157
\caption@indent=\dimen158
\caption@parindent=\dimen159
\caption@hangindent=\dimen160
Package caption Info: Standard document class detected.
)
\c@caption@flags=\count281
\c@continuedfloat=\count282
Package caption Info: hyperref package is loaded.
)
\c@subfigure=\count283
\c@subtable=\count284
)
(/usr/share/texlive/texmf-dist/tex/latex/xcolor/xcolor.sty
Package: xcolor 2021/10/31 v2.13 LaTeX color extensions (UK)

(/usr/share/texlive/texmf-dist/tex/latex/graphics-cfg/color.cfg
File: color.cfg 2016/01/02 v1.6 sample color configuration
)
Package xcolor Info: Driver file: pdftex.def on input line 227.
Package xcolor Info: Model `cmy' substituted by `cmy0' on input line 1352.
Package xcolor Info: Model `hsb' substituted by `rgb' on input line 1356.
Package xcolor Info: Model `RGB' extended on input line 1368.
Package xcolor Info: Model `HTML' substituted by `rgb' on input line 1370.
Package xcolor Info: Model `Hsb' substituted by `hsb' on input line 1371.
Package xcolor Info: Model `tHsb' substituted by `hsb' on input line 1372.
Package xcolor Info: Model `HSB' substituted by `hsb' on input line 1373.
Package xcolor Info: Model `Gray' substituted by `gray' on input line 1374.
Package xcolor Info: Model `wave' substituted by `hsb' on input line 1375.
)
(/usr/share/texlive/texmf-dist/tex/latex/l3backend/l3backend-pdftex.def
File: l3backend-pdftex.def 2022-01-12 L3 backend support: PDF output (pdfTeX)
\l__color_backend_stack_int=\count285
\l__pdf_internal_box=\box52
)
(./main.aux)
\openout1 = `main.aux'.

LaTeX Font Info:    Checking defaults for OML/cmm/m/it on input line 32.
LaTeX Font Info:    ... okay on input line 32.
LaTeX Font Info:    Checking defaults for OMS/cmsy/m/n on input line 32.
LaTeX Font Info:    ... okay on input line 32.
LaTeX Font Info:    Checking defaults for OT1/cmr/m/n on input line 32.
LaTeX Font Info:    ... okay on input line 32.
LaTeX Font Info:    Checking defaults for T1/cmr/m/n on input line 32.
LaTeX Font Info:    ... okay on input line 32.
LaTeX Font Info:    Checking defaults for TS1/cmr/m/n on input line 32.
LaTeX Font Info:    ... okay on input line 32.
LaTeX Font Info:    Checking defaults for OMX/cmex/m/n on input line 32.
LaTeX Font Info:    ... okay on input line 32.
LaTeX Font Info:    Checking defaults for U/cmr/m/n on input line 32.
LaTeX Font Info:    ... okay on input line 32.
LaTeX Font Info:    Checking defaults for PD1/pdf/m/n on input line 32.
LaTeX Font Info:    ... okay on input line 32.
LaTeX Font Info:    Checking defaults for PU/pdf/m/n on input line 32.
LaTeX Font Info:    ... okay on input line 32.
 (/usr/share/texlive/texmf-dist/tex/context/base/mkii/supp-pdf.mkii
[Loading MPS to PDF converter (version 2006.09.02).]
\scratchcounter=\count286
\scratchdimen=\dimen161
\scratchbox=\box53
\nofMPsegments=\count287
\nofMParguments=\count288
\everyMPshowfont=\toks23
\MPscratchCnt=\count289
\MPscratchDim=\dimen162
\MPnumerator=\count290
\makeMPintoPDFobject=\count291
\everyMPtoPDFconversion=\toks24
) (/usr/share/texlive/texmf-dist/tex/latex/epstopdf-pkg/epstopdf-base.sty
Package: epstopdf-base 2020-01-24 v2.11 Base part for package epstopdf
Package epstopdf-base Info: Redefining graphics rule for `.eps' on input line 4
85.

(/usr/share/texlive/texmf-dist/tex/latex/latexconfig/epstopdf-sys.cfg
File: epstopdf-sys.cfg 2010/07/13 v1.3 Configuration of (r)epstopdf for TeX Liv
e
))
Package hyperref Info: Link coloring OFF on input line 32.

(/usr/share/texlive/texmf-dist/tex/latex/hyperref/nameref.sty
Package: nameref 2021-04-02 v2.47 Cross-referencing by name of section

(/usr/share/texlive/texmf-dist/tex/latex/refcount/refcount.sty
Package: refcount 2019/12/15 v3.6 Data extraction from label references (HO)
)
(/usr/share/texlive/texmf-dist/tex/generic/gettitlestring/gettitlestring.sty
Package: gettitlestring 2019/12/15 v1.6 Cleanup title references (HO)
)
\c@section@level=\count292
)
LaTeX Info: Redefining \ref on input line 32.
LaTeX Info: Redefining \pageref on input line 32.
LaTeX Info: Redefining \nameref on input line 32.

(./main.out) (./main.out)
\@outlinefile=\write3
\openout3 = `main.out'.

Package caption Info: Begin \AtBeginDocument code.
Package caption Info: End \AtBeginDocument code.
<figures/part_1_a.png, id=4, 462.528pt x 346.896pt>
File: figures/part_1_a.png Graphic file (type png)
<use figures/part_1_a.png>
Package pdftex.def Info: figures/part_1_a.png  used on input line 61.
(pdftex.def)             Requested size: 187.77022pt x 140.83087pt.

Underfull \hbox (badness 2790) in paragraph at lines 62--62
[]\OT1/cmr/m/n/9 (a) |Heatmap of the fi-nal val-ues on the
 []

LaTeX Font Info:    Trying to load font information for U+msa on input line 63.

(/usr/share/texlive/texmf-dist/tex/latex/amsfonts/umsa.fd
File: umsa.fd 2013/01/14 v3.01 AMS symbols A
)
LaTeX Font Info:    Trying to load font information for U+msb on input line 63.


(/usr/share/texlive/texmf-dist/tex/latex/amsfonts/umsb.fd
File: umsb.fd 2013/01/14 v3.01 AMS symbols B
)
<figures/placeholder.png, id=6, 462.528pt x 346.896pt>
File: figures/placeholder.png Graphic file (type png)
<use figures/placeholder.png>
Package pdftex.def Info: figures/placeholder.png  used on input line 67.
(pdftex.def)             Requested size: 187.77022pt x 140.83087pt.

Underfull \hbox (badness 2662) in paragraph at lines 68--68
[]\OT1/cmr/m/n/9 (b) |Heatmap of the fi-nal val-ues on the
 []

[1{/var/lib/texmf/fonts/map/pdftex/updmap/pdftex.map}

 <./figures/part_1_a.png> <./figures/placeholder.png>]
<figures/part_1_b_t1.png, id=23, 462.528pt x 346.896pt>
File: figures/part_1_b_t1.png Graphic file (type png)
<use figures/part_1_b_t1.png>
Package pdftex.def Info: figures/part_1_b_t1.png  used on input line 86.
(pdftex.def)             Requested size: 125.18227pt x 93.88548pt.
<figures/part_1_b_t1e-2.png, id=24, 462.528pt x 346.896pt>
File: figures/part_1_b_t1e-2.png Graphic file (type png)
<use figures/part_1_b_t1e-2.png>
Package pdftex.def Info: figures/part_1_b_t1e-2.png  used on input line 92.
(pdftex.def)             Requested size: 125.18227pt x 93.88548pt.
<figures/part_1_b_t1e-5.png, id=25, 462.528pt x 346.896pt>
File: figures/part_1_b_t1e-5.png Graphic file (type png)
<use figures/part_1_b_t1e-5.png>
Package pdftex.def Info: figures/part_1_b_t1e-5.png  used on input line 98.
(pdftex.def)             Requested size: 125.18227pt x 93.88548pt.
File: figures/placeholder.png Graphic file (type png)
<use figures/placeholder.png>
Package pdftex.def Info: figures/placeholder.png  used on input line 108.
(pdftex.def)             Requested size: 125.18227pt x 93.88548pt.
File: figures/placeholder.png Graphic file (type png)
<use figures/placeholder.png>
Package pdftex.def Info: figures/placeholder.png  used on input line 114.
(pdftex.def)             Requested size: 125.18227pt x 93.88548pt.
File: figures/placeholder.png Graphic file (type png)
<use figures/placeholder.png>
Package pdftex.def Info: figures/placeholder.png  used on input line 120.
(pdftex.def)             Requested size: 125.18227pt x 93.88548pt.
 [2 <./figures/part_1_b_t1.png> <./figures/part_1_b_t1e-2.png> <./figures/part_
1_b_t1e-5.png>]
<figures/part_2_a_a.png, id=40, 462.528pt x 346.896pt>
File: figures/part_2_a_a.png Graphic file (type png)
<use figures/part_2_a_a.png>
Package pdftex.def Info: figures/part_2_a_a.png  used on input line 147.
(pdftex.def)             Requested size: 125.18227pt x 93.88548pt.

Underfull \hbox (badness 3168) in paragraph at lines 149--149
[]\OT1/cmr/m/n/9 (a) |Heatmap of the val-ues
 []


Underfull \hbox (badness 4403) in paragraph at lines 149--149
\OT1/cmr/m/n/9 af-ter 150 it-er-a-tions of the
 []


Underfull \hbox (badness 1668) in paragraph at lines 149--149
\OT1/cmr/m/n/9 value it-er-a-tion al-go-rithm on
 []


Underfull \hbox (badness 4569) in paragraph at lines 149--149
\OT1/cmr/m/n/9 the \OT1/cmtt/m/n/9 DoubleIntegrator \OT1/cmr/m/n/9 en-vi-
 []

<figures/part_2_a_b.png, id=41, 462.528pt x 346.896pt>
File: figures/part_2_a_b.png Graphic file (type png)
<use figures/part_2_a_b.png>
Package pdftex.def Info: figures/part_2_a_b.png  used on input line 154.
(pdftex.def)             Requested size: 125.18227pt x 93.88548pt.

Underfull \hbox (badness 2922) in paragraph at lines 156--156
[]\OT1/cmr/m/n/9 (b) |Heatmap of the val-ues
 []


Underfull \hbox (badness 4403) in paragraph at lines 156--156
\OT1/cmr/m/n/9 af-ter 150 it-er-a-tions of the
 []


Underfull \hbox (badness 1668) in paragraph at lines 156--156
\OT1/cmr/m/n/9 value it-er-a-tion al-go-rithm on
 []


Underfull \hbox (badness 4569) in paragraph at lines 156--156
\OT1/cmr/m/n/9 the \OT1/cmtt/m/n/9 DoubleIntegrator \OT1/cmr/m/n/9 en-vi-
 []

<figures/part_2_a_c.png, id=42, 462.528pt x 346.896pt>
File: figures/part_2_a_c.png Graphic file (type png)
<use figures/part_2_a_c.png>
Package pdftex.def Info: figures/part_2_a_c.png  used on input line 161.
(pdftex.def)             Requested size: 125.18227pt x 93.88548pt.

Underfull \hbox (badness 3417) in paragraph at lines 163--163
[]\OT1/cmr/m/n/9 (c) |Heatmap of the val-ues
 []


Underfull \hbox (badness 4403) in paragraph at lines 163--163
\OT1/cmr/m/n/9 af-ter 150 it-er-a-tions of the
 []


Underfull \hbox (badness 1668) in paragraph at lines 163--163
\OT1/cmr/m/n/9 value it-er-a-tion al-go-rithm on
 []


Underfull \hbox (badness 4569) in paragraph at lines 163--163
\OT1/cmr/m/n/9 the \OT1/cmtt/m/n/9 DoubleIntegrator \OT1/cmr/m/n/9 en-vi-
 []

File: figures/placeholder.png Graphic file (type png)
<use figures/placeholder.png>
Package pdftex.def Info: figures/placeholder.png  used on input line 169.
(pdftex.def)             Requested size: 125.18227pt x 93.88548pt.

Underfull \hbox (badness 2922) in paragraph at lines 171--171
[]\OT1/cmr/m/n/9 (d) |Heatmap of the val-ues
 []


Underfull \hbox (badness 4403) in paragraph at lines 171--171
\OT1/cmr/m/n/9 af-ter 150 it-er-a-tions of the
 []


Underfull \hbox (badness 1668) in paragraph at lines 171--171
\OT1/cmr/m/n/9 value it-er-a-tion al-go-rithm on
 []

File: figures/placeholder.png Graphic file (type png)
<use figures/placeholder.png>
Package pdftex.def Info: figures/placeholder.png  used on input line 176.
(pdftex.def)             Requested size: 125.18227pt x 93.88548pt.

Underfull \hbox (badness 3417) in paragraph at lines 178--178
[]\OT1/cmr/m/n/9 (e) |Heatmap of the val-ues
 []


Underfull \hbox (badness 4403) in paragraph at lines 178--178
\OT1/cmr/m/n/9 af-ter 150 it-er-a-tions of the
 []


Underfull \hbox (badness 1668) in paragraph at lines 178--178
\OT1/cmr/m/n/9 value it-er-a-tion al-go-rithm on
 []

File: figures/placeholder.png Graphic file (type png)
<use figures/placeholder.png>
Package pdftex.def Info: figures/placeholder.png  used on input line 183.
(pdftex.def)             Requested size: 125.18227pt x 93.88548pt.

Underfull \hbox (badness 3724) in paragraph at lines 185--185
[]\OT1/cmr/m/n/9 (f) |Heatmap of the val-ues
 []


Underfull \hbox (badness 4403) in paragraph at lines 185--185
\OT1/cmr/m/n/9 af-ter 150 it-er-a-tions of the
 []


Underfull \hbox (badness 1668) in paragraph at lines 185--185
\OT1/cmr/m/n/9 value it-er-a-tion al-go-rithm on
 []

[3 <./figures/part_2_a_a.png> <./figures/part_2_a_b.png> <./figures/part_2_a_c.
png>]
<figures/part_2_b_a.png, id=52, 462.528pt x 346.896pt>
File: figures/part_2_b_a.png Graphic file (type png)
<use figures/part_2_b_a.png>
Package pdftex.def Info: figures/part_2_b_a.png  used on input line 196.
(pdftex.def)             Requested size: 125.18227pt x 93.88548pt.

Underfull \hbox (badness 3168) in paragraph at lines 198--198
[]\OT1/cmr/m/n/9 (a) |Heatmap of the val-ues
 []


Underfull \hbox (badness 4403) in paragraph at lines 198--198
\OT1/cmr/m/n/9 af-ter 150 it-er-a-tions of the
 []


Underfull \hbox (badness 1668) in paragraph at lines 198--198
\OT1/cmr/m/n/9 value it-er-a-tion al-go-rithm on
 []


Underfull \hbox (badness 4569) in paragraph at lines 198--198
\OT1/cmr/m/n/9 the \OT1/cmtt/m/n/9 DoubleIntegrator \OT1/cmr/m/n/9 en-vi-
 []

<figures/part_2_b_b.png, id=53, 462.528pt x 346.896pt>
File: figures/part_2_b_b.png Graphic file (type png)
<use figures/part_2_b_b.png>
Package pdftex.def Info: figures/part_2_b_b.png  used on input line 203.
(pdftex.def)             Requested size: 125.18227pt x 93.88548pt.

Underfull \hbox (badness 2922) in paragraph at lines 205--205
[]\OT1/cmr/m/n/9 (b) |Heatmap of the val-ues
 []


Underfull \hbox (badness 4403) in paragraph at lines 205--205
\OT1/cmr/m/n/9 af-ter 150 it-er-a-tions of the
 []


Underfull \hbox (badness 1668) in paragraph at lines 205--205
\OT1/cmr/m/n/9 value it-er-a-tion al-go-rithm on
 []


Underfull \hbox (badness 4569) in paragraph at lines 205--205
\OT1/cmr/m/n/9 the \OT1/cmtt/m/n/9 DoubleIntegrator \OT1/cmr/m/n/9 en-vi-
 []

<figures/part_2_b_c.png, id=54, 462.528pt x 346.896pt>
File: figures/part_2_b_c.png Graphic file (type png)
<use figures/part_2_b_c.png>
Package pdftex.def Info: figures/part_2_b_c.png  used on input line 210.
(pdftex.def)             Requested size: 125.18227pt x 93.88548pt.

Underfull \hbox (badness 3417) in paragraph at lines 212--212
[]\OT1/cmr/m/n/9 (c) |Heatmap of the val-ues
 []


Underfull \hbox (badness 4403) in paragraph at lines 212--212
\OT1/cmr/m/n/9 af-ter 150 it-er-a-tions of the
 []


Underfull \hbox (badness 1668) in paragraph at lines 212--212
\OT1/cmr/m/n/9 value it-er-a-tion al-go-rithm on
 []


Underfull \hbox (badness 4569) in paragraph at lines 212--212
\OT1/cmr/m/n/9 the \OT1/cmtt/m/n/9 DoubleIntegrator \OT1/cmr/m/n/9 en-vi-
 []


Underfull \hbox (badness 1755) in paragraph at lines 212--212
\OT1/cmr/m/n/9 us-ing the n-linear in-ter-po-la-
 []

File: figures/placeholder.png Graphic file (type png)
<use figures/placeholder.png>
Package pdftex.def Info: figures/placeholder.png  used on input line 218.
(pdftex.def)             Requested size: 125.18227pt x 93.88548pt.

Underfull \hbox (badness 2922) in paragraph at lines 220--220
[]\OT1/cmr/m/n/9 (d) |Heatmap of the val-ues
 []


Underfull \hbox (badness 4403) in paragraph at lines 220--220
\OT1/cmr/m/n/9 af-ter 150 it-er-a-tions of the
 []


Underfull \hbox (badness 1668) in paragraph at lines 220--220
\OT1/cmr/m/n/9 value it-er-a-tion al-go-rithm on
 []

File: figures/placeholder.png Graphic file (type png)
<use figures/placeholder.png>
Package pdftex.def Info: figures/placeholder.png  used on input line 225.
(pdftex.def)             Requested size: 125.18227pt x 93.88548pt.

Underfull \hbox (badness 3417) in paragraph at lines 227--227
[]\OT1/cmr/m/n/9 (e) |Heatmap of the val-ues
 []


Underfull \hbox (badness 4403) in paragraph at lines 227--227
\OT1/cmr/m/n/9 af-ter 150 it-er-a-tions of the
 []


Underfull \hbox (badness 1668) in paragraph at lines 227--227
\OT1/cmr/m/n/9 value it-er-a-tion al-go-rithm on
 []

File: figures/placeholder.png Graphic file (type png)
<use figures/placeholder.png>
Package pdftex.def Info: figures/placeholder.png  used on input line 233.
(pdftex.def)             Requested size: 125.18227pt x 93.88548pt.

Underfull \hbox (badness 3724) in paragraph at lines 235--235
[]\OT1/cmr/m/n/9 (f) |Heatmap of the val-ues
 []


Underfull \hbox (badness 4403) in paragraph at lines 235--235
\OT1/cmr/m/n/9 af-ter 150 it-er-a-tions of the
 []


Underfull \hbox (badness 1668) in paragraph at lines 235--235
\OT1/cmr/m/n/9 value it-er-a-tion al-go-rithm on
 []

[4 <./figures/part_2_b_a.png> <./figures/part_2_b_b.png> <./figures/part_2_b_c.
png>]
<figures/part_2_c_a.png, id=64, 1003.75pt x 501.875pt>
File: figures/part_2_c_a.png Graphic file (type png)
<use figures/part_2_c_a.png>
Package pdftex.def Info: figures/part_2_c_a.png  used on input line 246.
(pdftex.def)             Requested size: 187.77022pt x 93.87924pt.
<figures/placeholder_2.png, id=65, 1144.275pt x 451.6875pt>
File: figures/placeholder_2.png Graphic file (type png)
<use figures/placeholder_2.png>
Package pdftex.def Info: figures/placeholder_2.png  used on input line 253.
(pdftex.def)             Requested size: 187.77022pt x 74.11858pt.
File: figures/placeholder_2.png Graphic file (type png)
<use figures/placeholder_2.png>
Package pdftex.def Info: figures/placeholder_2.png  used on input line 261.
(pdftex.def)             Requested size: 187.77022pt x 74.11858pt.
File: figures/placeholder_2.png Graphic file (type png)
<use figures/placeholder_2.png>
Package pdftex.def Info: figures/placeholder_2.png  used on input line 268.
(pdftex.def)             Requested size: 187.77022pt x 74.11858pt.
 [5 <./figures/part_2_c_a.png> <./figures/placeholder_2.png>]
<figures/part_2_d_a.png, id=74, 1003.75pt x 501.875pt>
File: figures/part_2_d_a.png Graphic file (type png)
<use figures/part_2_d_a.png>
Package pdftex.def Info: figures/part_2_d_a.png  used on input line 284.
(pdftex.def)             Requested size: 187.77022pt x 93.87924pt.
File: figures/placeholder_2.png Graphic file (type png)
<use figures/placeholder_2.png>
Package pdftex.def Info: figures/placeholder_2.png  used on input line 290.
(pdftex.def)             Requested size: 187.77022pt x 74.11858pt.
File: figures/placeholder_2.png Graphic file (type png)
<use figures/placeholder_2.png>
Package pdftex.def Info: figures/placeholder_2.png  used on input line 297.
(pdftex.def)             Requested size: 187.77022pt x 74.11858pt.
File: figures/placeholder_2.png Graphic file (type png)
<use figures/placeholder_2.png>
Package pdftex.def Info: figures/placeholder_2.png  used on input line 303.
(pdftex.def)             Requested size: 187.77022pt x 74.11858pt.
 [6 <./figures/part_2_d_a.png>]
<figures/part_3_a_a.png, id=82, 462.528pt x 346.896pt>
File: figures/part_3_a_a.png Graphic file (type png)
<use figures/part_3_a_a.png>
Package pdftex.def Info: figures/part_3_a_a.png  used on input line 326.
(pdftex.def)             Requested size: 187.77022pt x 140.83087pt.
File: figures/placeholder.png Graphic file (type png)
<use figures/placeholder.png>
Package pdftex.def Info: figures/placeholder.png  used on input line 332.
(pdftex.def)             Requested size: 187.77022pt x 140.83087pt.
 [7 <./figures/part_3_a_a.png>]
Overfull \hbox (48.03012pt too wide) in paragraph at lines 339--340
\OT1/cmr/m/n/10 method, spe-cially in larger ac-tion spaces. You will need to f
ill the code in \OT1/cmtt/m/n/10 part3/look[]ahead[]policy.py\OT1/cmr/m/n/10 .
 []

<figures/part_3_b_a.png, id=91, 1003.75pt x 501.875pt>
File: figures/part_3_b_a.png Graphic file (type png)
<use figures/part_3_b_a.png>
Package pdftex.def Info: figures/part_3_b_a.png  used on input line 345.
(pdftex.def)             Requested size: 187.77022pt x 93.87924pt.
File: figures/placeholder_2.png Graphic file (type png)
<use figures/placeholder_2.png>
Package pdftex.def Info: figures/placeholder_2.png  used on input line 351.
(pdftex.def)             Requested size: 187.77022pt x 74.11858pt.
File: figures/placeholder_2.png Graphic file (type png)
<use figures/placeholder_2.png>
Package pdftex.def Info: figures/placeholder_2.png  used on input line 359.
(pdftex.def)             Requested size: 187.77022pt x 74.11858pt.
File: figures/placeholder_2.png Graphic file (type png)
<use figures/placeholder_2.png>
Package pdftex.def Info: figures/placeholder_2.png  used on input line 366.
(pdftex.def)             Requested size: 187.77022pt x 74.11858pt.
[8 <./figures/part_3_b_a.png>]
File: figures/placeholder_2.png Graphic file (type png)
<use figures/placeholder_2.png>
Package pdftex.def Info: figures/placeholder_2.png  used on input line 384.
(pdftex.def)             Requested size: 187.77022pt x 74.11858pt.
File: figures/placeholder_2.png Graphic file (type png)
<use figures/placeholder_2.png>
Package pdftex.def Info: figures/placeholder_2.png  used on input line 390.
(pdftex.def)             Requested size: 187.77022pt x 74.11858pt.
 [9] (./main.aux)
Package rerunfilecheck Info: File `main.out' has not changed.
(rerunfilecheck)             Checksum: D41D8CD98F00B204E9800998ECF8427E;0.
 ) 
Here is how much of TeX's memory you used:
 11252 strings out of 480247
 178570 string characters out of 5896152
 468078 words of memory out of 5000000
 29028 multiletter control sequences out of 15000+600000
 472888 words of font info for 44 fonts, out of 8000000 for 9000
 14 hyphenation exceptions out of 8191
 67i,11n,77p,1235b,655s stack positions out of 5000i,500n,10000p,200000b,80000s
</usr/share/texlive/texmf-dist/fonts/type1/public/amsfonts/cm/cmbx10.pfb></us
r/share/texlive/texmf-dist/fonts/type1/public/amsfonts/cm/cmex10.pfb></usr/shar
e/texlive/texmf-dist/fonts/type1/public/amsfonts/cm/cmmi10.pfb></usr/share/texl
ive/texmf-dist/fonts/type1/public/amsfonts/cm/cmmi7.pfb></usr/share/texlive/tex
mf-dist/fonts/type1/public/amsfonts/cm/cmr10.pfb></usr/share/texlive/texmf-dist
/fonts/type1/public/amsfonts/cm/cmr17.pfb></usr/share/texlive/texmf-dist/fonts/
type1/public/amsfonts/cm/cmr9.pfb></usr/share/texlive/texmf-dist/fonts/type1/pu
blic/amsfonts/cm/cmsl10.pfb></usr/share/texlive/texmf-dist/fonts/type1/public/a
msfonts/cm/cmsy10.pfb></usr/share/texlive/texmf-dist/fonts/type1/public/amsfont
s/cm/cmtt10.pfb></usr/share/texlive/texmf-dist/fonts/type1/public/amsfonts/cm/c
mtt9.pfb>
Output written on main.pdf (9 pages, 438559 bytes).
PDF statistics:
 158 PDF objects out of 1000 (max. 8388607)
 92 compressed objects within 1 object stream
 28 named destinations out of 1000 (max. 500000)
 81 words of extra memory for PDF output out of 10000 (max. 10000000)

